2022-11-20 16:12:46.39 D Init 25 [M] [HTTK_0001] Get the program home directory
2022-11-20 16:12:46.39 D Init 30 [M] [HTTK_0001] program home directory /Users/kqwang/development/gowork/src/github.com/892294101/dds/build
2022-11-20 16:12:46.39 D GetFileRBA 194 [M] [HTTK_0001] sequence: 0 rba: 19
2022-11-20 16:12:46.39 D OpenFile 106 [M] [HTTK_0001] open file httk1000000000
2022-11-20 16:12:47.39 I NewBinlogSyncer 163 [M] [HTTK_0001] create BinlogSyncer with config {1002 mysql 10.130.41.246 3306 root   utf8mb4 false false <nil> true Asia/Shanghai true 0 1m0s 0s 3 false false 0 <nil> 0x140002ae580 0x10126ca70}
2022-11-20 16:12:47.47 D Update 23 [M] [HTTK_0001] update master position (mysql-bin.000279, 216316675)
2022-11-20 16:12:47.47 D UpdateTimestamp 31 [M] [HTTK_0001] update master timestamp 1668931967
2022-11-20 16:12:47.47 I StartSync 399 [M] [HTTK_0001] begin to sync binlog from position (mysql-bin.000279, 216316675)
2022-11-20 16:12:47.60 I startSyncer 35 [M] [HTTK_0001] start sync binlog at binlog file (mysql-bin.000279, 216316675)
2022-11-20 16:12:47.62 I parseEvent 815 [M] [HTTK_0001] rotate to (mysql-bin.000279, 216316675)
2022-11-20 16:12:47.62 I runSyncBinlog 79 [M] [HTTK_0001] received fake rotate event, next log name is mysql-bin.000279
2022-11-20 16:13:46.39 I func1 154 [M] [HTTK_0001] data row cache queue size: 0
2022-11-20 16:14:46.39 I func1 154 [M] [HTTK_0001] data row cache queue size: 0
2022-11-20 16:15:46.39 I func1 154 [M] [HTTK_0001] data row cache queue size: 0
2022-11-20 16:21:28.00 D Init 25 [M] [HTTK_0001] Get the program home directory
2022-11-20 16:21:28.00 D Init 30 [M] [HTTK_0001] program home directory /Users/kqwang/development/gowork/src/github.com/892294101/dds/build
2022-11-20 16:21:28.00 D GetFileRBA 194 [M] [HTTK_0001] sequence: 0 rba: 19
2022-11-20 16:21:28.00 D OpenFile 106 [M] [HTTK_0001] open file httk1000000000
2022-11-20 16:21:29.00 I NewBinlogSyncer 163 [M] [HTTK_0001] create BinlogSyncer with config {1002 mysql 10.130.41.246 3306 root   utf8mb4 false false <nil> true Asia/Shanghai true 0 1m0s 0s 3 false false 0 <nil> 0x14000368580 0x102820a70}
2022-11-20 16:21:29.07 D Update 23 [M] [HTTK_0001] update master position (mysql-bin.000279, 216316675)
2022-11-20 16:21:29.08 D UpdateTimestamp 31 [M] [HTTK_0001] update master timestamp 1668932489
2022-11-20 16:21:29.08 I StartSync 399 [M] [HTTK_0001] begin to sync binlog from position (mysql-bin.000279, 216316675)
2022-11-20 16:21:29.22 I startSyncer 35 [M] [HTTK_0001] start sync binlog at binlog file (mysql-bin.000279, 216316675)
2022-11-20 16:21:29.23 I parseEvent 815 [M] [HTTK_0001] rotate to (mysql-bin.000279, 216316675)
2022-11-20 16:21:29.23 I runSyncBinlog 79 [M] [HTTK_0001] received fake rotate event, next log name is mysql-bin.000279
2022-11-20 16:22:28.00 I func1 154 [M] [HTTK_0001] data row cache queue size: 0
2022-11-20 16:22:37.85 D Update 23 [M] [HTTK_0001] update master position (mysql-bin.000279, 216316947)
2022-11-20 16:22:37.85 D UpdateTimestamp 31 [M] [HTTK_0001] update master timestamp 1668932465
2022-11-20 16:22:37.85 D WriteCache 75 [M] [HTTK_0001] transaction head received: mysql-bin.000279:216316827
2022-11-20 16:22:37.85 I filterInclude 46 [M] [HTTK_0001] add schema and table to table filter blacklist(schema: admin. table: test01)
2022-11-20 16:22:37.85 D WriteCache 67 [M] [HTTK_0001] admin.test01 data discard
2022-11-20 16:22:37.85 D WriteCache 89 [M] [HTTK_0001] transaction tail received: mysql-bin.000279:216316947. transaction xid: 1440
2022-11-20 16:22:37.85 D WriteCache 129 [M] [HTTK_0001] transaction tail received. clear transaction header because the transaction is empty and commit
2022-11-20 16:23:28.00 I func1 154 [M] [HTTK_0001] data row cache queue size: 0
2022-11-20 16:24:12.20 D Update 23 [M] [HTTK_0001] update master position (mysql-bin.000279, 216317221)
2022-11-20 16:24:12.20 D WriteCache 75 [M] [HTTK_0001] transaction head received: mysql-bin.000279:216317099
2022-11-20 16:24:12.20 D UpdateTimestamp 31 [M] [HTTK_0001] update master timestamp 1668932559
2022-11-20 16:24:12.20 I filterInclude 43 [M] [HTTK_0001] add schema and table to table filter whitelist(schema: admin. table: admin001)
2022-11-20 16:24:12.20 D WriteCache 42 [M] [HTTK_0001] write admin.admin001 event row data to file
2022-11-20 16:24:12.20 D WriteCache 50 [M] [HTTK_0001] transaction head write to file from transaction cache
2022-11-20 16:24:12.20 D WriteCache 56 [M] [HTTK_0001] transaction head is write success and cache transaction header is clear
2022-11-20 16:24:12.20 D WriteCache 60 [M] [HTTK_0001] current event number: 1 (data rows: 1)
2022-11-20 16:24:12.20 D WriteCache 64 [M] [HTTK_0001] row event write successfully
2022-11-20 16:24:12.20 D WriteCache 89 [M] [HTTK_0001] transaction tail received: mysql-bin.000279:216317221. transaction xid: 1443
2022-11-20 16:24:12.20 D WriteCache 110 [M] [HTTK_0001] transaction tail received. write transaction tail to file
2022-11-20 16:24:12.20 D WriteCache 125 [M] [HTTK_0001] transaction tail write completed. clear the number of event row number
2022-11-20 16:24:28.00 I func1 154 [M] [HTTK_0001] data row cache queue size: 0
2022-11-20 16:24:46.90 D Update 23 [M] [HTTK_0001] update master position (mysql-bin.000279, 216317493)
2022-11-20 16:24:46.90 D WriteCache 75 [M] [HTTK_0001] transaction head received: mysql-bin.000279:216317373
2022-11-20 16:24:46.90 D UpdateTimestamp 31 [M] [HTTK_0001] update master timestamp 1668932594
2022-11-20 16:24:46.90 I filterInclude 46 [M] [HTTK_0001] add schema and table to table filter blacklist(schema: admin. table: test01)
2022-11-20 16:24:46.90 D WriteCache 67 [M] [HTTK_0001] admin.test01 data discard
2022-11-20 16:24:46.90 D WriteCache 89 [M] [HTTK_0001] transaction tail received: mysql-bin.000279:216317493. transaction xid: 1444
2022-11-20 16:24:46.90 D WriteCache 129 [M] [HTTK_0001] transaction tail received. clear transaction header because the transaction is empty and commit
2022-11-20 16:24:50.72 D Update 23 [M] [HTTK_0001] update master position (mysql-bin.000279, 216317765)
2022-11-20 16:24:50.72 D UpdateTimestamp 31 [M] [HTTK_0001] update master timestamp 1668932597
2022-11-20 16:24:50.72 D WriteCache 75 [M] [HTTK_0001] transaction head received: mysql-bin.000279:216317645
2022-11-20 16:24:50.72 D WriteCache 67 [M] [HTTK_0001] admin.test01 data discard
2022-11-20 16:24:50.72 D WriteCache 89 [M] [HTTK_0001] transaction tail received: mysql-bin.000279:216317765. transaction xid: 1445
2022-11-20 16:24:50.72 D WriteCache 129 [M] [HTTK_0001] transaction tail received. clear transaction header because the transaction is empty and commit
2022-11-20 16:25:04.12 D Update 23 [M] [HTTK_0001] update master position (mysql-bin.000279, 216318037)
2022-11-20 16:25:04.12 D WriteCache 75 [M] [HTTK_0001] transaction head received: mysql-bin.000279:216317917
2022-11-20 16:25:04.12 D UpdateTimestamp 31 [M] [HTTK_0001] update master timestamp 1668932611
2022-11-20 16:25:04.12 D WriteCache 67 [M] [HTTK_0001] admin.test01 data discard
2022-11-20 16:25:04.12 D WriteCache 89 [M] [HTTK_0001] transaction tail received: mysql-bin.000279:216318037. transaction xid: 1446
2022-11-20 16:25:04.12 D WriteCache 129 [M] [HTTK_0001] transaction tail received. clear transaction header because the transaction is empty and commit
2022-11-20 16:25:28.00 I func1 154 [M] [HTTK_0001] data row cache queue size: 0
2022-11-20 16:25:48.03 I Stop 28 [M] [HTTK_0001] Stop signal processing
2022-11-20 16:25:48.04 I CloseDat 302 [M] [HTTK_0001] Synchronizing httk1000000000 to disk
2022-11-20 16:25:48.04 I Close 297 [M] [HTTK_0001] Closing file httk1000000000 rba 120
2022-11-20 16:25:48.04 I Close 152 [M] [HTTK_0001] closing canal
2022-11-20 16:25:48.04 I close 195 [M] [HTTK_0001] syncer is closing...
2022-11-20 17:27:59.03 D Init 25 [M] [HTTK_0001] Get the program home directory
2022-11-20 17:27:59.03 D Init 30 [M] [HTTK_0001] program home directory /Users/kqwang/development/gowork/src/github.com/892294101/dds/build
2022-11-20 17:27:59.03 D GetFileRBA 194 [M] [HTTK_0001] sequence: 0 rba: 120
2022-11-20 17:27:59.03 D OpenFile 106 [M] [HTTK_0001] open file httk1000000000
2022-11-20 17:28:00.04 I NewBinlogSyncer 163 [M] [HTTK_0001] create BinlogSyncer with config {1002 mysql 10.130.41.246 3306 root   utf8mb4 false false <nil> true Asia/Shanghai true 0 1m0s 0s 3 false false 0 <nil> 0x14000368580 0x10117ca70}
2022-11-20 17:28:00.10 D Update 23 [M] [HTTK_0001] update master position (mysql-bin.000279, 216318037)
2022-11-20 17:28:00.10 D UpdateTimestamp 31 [M] [HTTK_0001] update master timestamp 1668936480
2022-11-20 17:28:00.10 I StartSync 399 [M] [HTTK_0001] begin to sync binlog from position (mysql-bin.000279, 216318037)
2022-11-20 17:28:00.23 I startSyncer 35 [M] [HTTK_0001] start sync binlog at binlog file (mysql-bin.000279, 216318037)
2022-11-20 17:28:00.24 I parseEvent 815 [M] [HTTK_0001] rotate to (mysql-bin.000279, 216318037)
2022-11-20 17:28:00.24 I runSyncBinlog 79 [M] [HTTK_0001] received fake rotate event, next log name is mysql-bin.000279
2022-11-20 17:28:00.24 D Update 23 [M] [HTTK_0001] update master position (mysql-bin.000279, 216318309)
2022-11-20 17:28:00.24 D UpdateTimestamp 31 [M] [HTTK_0001] update master timestamp 1668936314
2022-11-20 17:28:00.24 D WriteCache 75 [M] [HTTK_0001] transaction head received: mysql-bin.000279:216318189
2022-11-20 17:28:00.24 D Update 23 [M] [HTTK_0001] update master position (mysql-bin.000279, 216318583)
2022-11-20 17:28:00.24 D UpdateTimestamp 31 [M] [HTTK_0001] update master timestamp 1668936331
2022-11-20 17:28:00.24 I filterInclude 46 [M] [HTTK_0001] add schema and table to table filter blacklist(schema: admin. table: test01)
2022-11-20 17:28:00.24 D WriteCache 67 [M] [HTTK_0001] admin.test01 data discard
2022-11-20 17:28:00.24 D WriteCache 89 [M] [HTTK_0001] transaction tail received: mysql-bin.000279:216318309. transaction xid: 1447
2022-11-20 17:28:00.24 D WriteCache 129 [M] [HTTK_0001] transaction tail received. clear transaction header because the transaction is empty and commit
2022-11-20 17:28:00.24 D WriteCache 75 [M] [HTTK_0001] transaction head received: mysql-bin.000279:216318461
2022-11-20 17:28:00.24 I filterInclude 43 [M] [HTTK_0001] add schema and table to table filter whitelist(schema: admin. table: admin001)
2022-11-20 17:28:00.24 D WriteCache 42 [M] [HTTK_0001] write admin.admin001 event row data to file
2022-11-20 17:28:00.24 D WriteCache 50 [M] [HTTK_0001] transaction head write to file from transaction cache
2022-11-20 17:28:00.25 D WriteCache 56 [M] [HTTK_0001] transaction head is write success and cache transaction header is clear
2022-11-20 17:28:00.25 D WriteCache 60 [M] [HTTK_0001] current event number: 1 (data rows: 1)
2022-11-20 17:28:00.25 D WriteCache 64 [M] [HTTK_0001] row event write successfully
2022-11-20 17:28:00.25 D WriteCache 89 [M] [HTTK_0001] transaction tail received: mysql-bin.000279:216318583. transaction xid: 1448
2022-11-20 17:28:00.25 D WriteCache 110 [M] [HTTK_0001] transaction tail received. write transaction tail to file
2022-11-20 17:28:00.25 D WriteCache 125 [M] [HTTK_0001] transaction tail write completed. clear the number of event row number
2022-11-20 17:28:59.03 I func1 154 [M] [HTTK_0001] data row cache queue size: 0
2022-11-20 17:29:04.75 D WriteCache 75 [M] [HTTK_0001] transaction head received: mysql-bin.000279:216318735
2022-11-20 17:29:04.75 D Update 23 [M] [HTTK_0001] update master position (mysql-bin.000279, 216318857)
2022-11-20 17:29:04.76 D UpdateTimestamp 31 [M] [HTTK_0001] update master timestamp 1668936451
2022-11-20 17:29:04.76 D WriteCache 42 [M] [HTTK_0001] write admin.admin001 event row data to file
2022-11-20 17:29:04.76 D WriteCache 50 [M] [HTTK_0001] transaction head write to file from transaction cache
2022-11-20 17:29:04.76 D WriteCache 56 [M] [HTTK_0001] transaction head is write success and cache transaction header is clear
2022-11-20 17:29:04.76 D WriteCache 60 [M] [HTTK_0001] current event number: 1 (data rows: 1)
2022-11-20 17:29:04.76 D WriteCache 64 [M] [HTTK_0001] row event write successfully
2022-11-20 17:29:04.76 D WriteCache 89 [M] [HTTK_0001] transaction tail received: mysql-bin.000279:216318857. transaction xid: 1460
2022-11-20 17:29:04.76 D WriteCache 110 [M] [HTTK_0001] transaction tail received. write transaction tail to file
2022-11-20 17:29:04.76 D WriteCache 125 [M] [HTTK_0001] transaction tail write completed. clear the number of event row number
2022-11-20 17:29:17.61 D Update 23 [M] [HTTK_0001] update master position (mysql-bin.000279, 216319131)
2022-11-20 17:29:17.61 D UpdateTimestamp 31 [M] [HTTK_0001] update master timestamp 1668936464
2022-11-20 17:29:17.61 D WriteCache 75 [M] [HTTK_0001] transaction head received: mysql-bin.000279:216319009
2022-11-20 17:29:17.61 D WriteCache 42 [M] [HTTK_0001] write admin.admin001 event row data to file
2022-11-20 17:29:17.61 D WriteCache 50 [M] [HTTK_0001] transaction head write to file from transaction cache
2022-11-20 17:29:17.62 D WriteCache 56 [M] [HTTK_0001] transaction head is write success and cache transaction header is clear
2022-11-20 17:29:17.62 D WriteCache 60 [M] [HTTK_0001] current event number: 1 (data rows: 1)
2022-11-20 17:29:17.62 D WriteCache 64 [M] [HTTK_0001] row event write successfully
2022-11-20 17:29:17.62 D WriteCache 89 [M] [HTTK_0001] transaction tail received: mysql-bin.000279:216319131. transaction xid: 1461
2022-11-20 17:29:17.62 D WriteCache 110 [M] [HTTK_0001] transaction tail received. write transaction tail to file
2022-11-20 17:29:17.62 D WriteCache 125 [M] [HTTK_0001] transaction tail write completed. clear the number of event row number
2022-11-20 17:29:59.03 I func1 154 [M] [HTTK_0001] data row cache queue size: 0
2022-11-20 17:30:13.01 D Update 23 [M] [HTTK_0001] update master position (mysql-bin.000279, 216319405)
2022-11-20 17:30:13.01 D UpdateTimestamp 31 [M] [HTTK_0001] update master timestamp 1668936520
2022-11-20 17:30:13.01 D WriteCache 75 [M] [HTTK_0001] transaction head received: mysql-bin.000279:216319283
2022-11-20 17:30:13.01 D WriteCache 42 [M] [HTTK_0001] write admin.admin001 event row data to file
2022-11-20 17:30:13.01 D WriteCache 50 [M] [HTTK_0001] transaction head write to file from transaction cache
2022-11-20 17:30:13.01 D WriteCache 56 [M] [HTTK_0001] transaction head is write success and cache transaction header is clear
2022-11-20 17:30:13.01 D WriteCache 60 [M] [HTTK_0001] current event number: 1 (data rows: 1)
2022-11-20 17:30:13.01 D WriteCache 64 [M] [HTTK_0001] row event write successfully
2022-11-20 17:30:13.01 D WriteCache 89 [M] [HTTK_0001] transaction tail received: mysql-bin.000279:216319405. transaction xid: 1462
2022-11-20 17:30:13.01 D WriteCache 110 [M] [HTTK_0001] transaction tail received. write transaction tail to file
2022-11-20 17:30:13.01 D WriteCache 125 [M] [HTTK_0001] transaction tail write completed. clear the number of event row number
2022-11-20 17:30:29.44 I Stop 28 [M] [HTTK_0001] Stop signal processing
2022-11-20 17:30:29.45 I CloseDat 302 [M] [HTTK_0001] Synchronizing httk1000000000 to disk
2022-11-20 17:30:29.45 I Close 297 [M] [HTTK_0001] Closing file httk1000000000 rba 524
2022-11-20 17:30:29.45 I Close 152 [M] [HTTK_0001] closing canal
2022-11-20 17:30:29.45 I close 195 [M] [HTTK_0001] syncer is closing...
2022-11-20 17:32:40.13 I Start 65 [M] [CLI] receive cli command: /Users/kqwang/development/gowork/src/github.com/892294101/dds/build/bin/mysqlextract -processid httk_0001
2022-11-20 17:32:40.41 D Init 25 [M] [HTTK_0001] Get the program home directory
2022-11-20 17:32:40.41 D Init 30 [M] [HTTK_0001] program home directory /Users/kqwang/development/gowork/src/github.com/892294101/dds/build
2022-11-20 17:32:40.41 D GetFileRBA 194 [M] [HTTK_0001] sequence: 0 rba: 524
2022-11-20 17:32:40.41 D OpenFile 106 [M] [HTTK_0001] open file httk1000000000
2022-11-20 17:32:41.42 I NewBinlogSyncer 163 [M] [HTTK_0001] create BinlogSyncer with config {1002 mysql 10.130.41.246 3306 root   utf8mb4 false false <nil> true Asia/Shanghai true 0 1m0s 0s 3 false false 0 <nil> 0x14000368580 0x100818a70}
2022-11-20 17:32:41.47 D Update 23 [M] [HTTK_0001] update master position (mysql-bin.000279, 216319405)
2022-11-20 17:32:41.47 D UpdateTimestamp 31 [M] [HTTK_0001] update master timestamp 1668936761
2022-11-20 17:32:41.47 I StartSync 399 [M] [HTTK_0001] begin to sync binlog from position (mysql-bin.000279, 216319405)
2022-11-20 17:32:41.60 I startSyncer 35 [M] [HTTK_0001] start sync binlog at binlog file (mysql-bin.000279, 216319405)
2022-11-20 17:32:41.61 I parseEvent 815 [M] [HTTK_0001] rotate to (mysql-bin.000279, 216319405)
2022-11-20 17:32:41.61 I runSyncBinlog 79 [M] [HTTK_0001] received fake rotate event, next log name is mysql-bin.000279
2022-11-20 17:33:40.41 I func1 154 [M] [HTTK_0001] data row cache queue size: 0
2022-11-20 17:34:40.41 I func1 154 [M] [HTTK_0001] data row cache queue size: 0
2022-11-20 17:35:40.41 I func1 154 [M] [HTTK_0001] data row cache queue size: 0
2022-11-20 17:36:40.41 I func1 154 [M] [HTTK_0001] data row cache queue size: 0
2022-11-20 17:37:40.39 I func1 154 [M] [HTTK_0001] data row cache queue size: 0
2022-11-20 17:38:40.38 I func1 154 [M] [HTTK_0001] data row cache queue size: 0
2022-11-20 17:39:40.38 I func1 154 [M] [HTTK_0001] data row cache queue size: 0
2022-11-20 17:40:40.38 I func1 154 [M] [HTTK_0001] data row cache queue size: 0
2022-11-20 17:41:40.38 I func1 154 [M] [HTTK_0001] data row cache queue size: 0
2022-11-20 17:42:40.38 I func1 154 [M] [HTTK_0001] data row cache queue size: 0
2022-11-20 17:43:40.38 I func1 154 [M] [HTTK_0001] data row cache queue size: 0
2022-11-20 17:44:40.38 I func1 154 [M] [HTTK_0001] data row cache queue size: 0
2022-11-20 17:45:40.38 I func1 154 [M] [HTTK_0001] data row cache queue size: 0
2022-11-20 17:46:40.38 I func1 154 [M] [HTTK_0001] data row cache queue size: 0
2022-11-20 17:47:40.38 I func1 154 [M] [HTTK_0001] data row cache queue size: 0
2022-11-20 17:48:37.76 I Start 65 [M] [CLI] receive cli command: /Users/kqwang/development/gowork/src/github.com/892294101/dds/build/bin/oracleextract httk_0002
2022-11-20 17:48:40.37 I func1 154 [M] [HTTK_0001] data row cache queue size: 0
2022-11-20 17:49:40.37 I func1 154 [M] [HTTK_0001] data row cache queue size: 0
2022-11-20 17:50:40.37 I func1 154 [M] [HTTK_0001] data row cache queue size: 0
2022-11-20 17:51:40.37 I func1 154 [M] [HTTK_0001] data row cache queue size: 0
2022-11-20 17:52:40.43 I func1 154 [M] [HTTK_0001] data row cache queue size: 0
2022-11-20 17:53:40.43 I func1 154 [M] [HTTK_0001] data row cache queue size: 0
2022-11-20 17:54:40.43 I func1 154 [M] [HTTK_0001] data row cache queue size: 0
2022-11-20 17:55:40.43 I func1 154 [M] [HTTK_0001] data row cache queue size: 0
2022-11-20 17:56:40.43 I func1 154 [M] [HTTK_0001] data row cache queue size: 0
2022-11-20 17:57:40.42 I func1 154 [M] [HTTK_0001] data row cache queue size: 0
2022-11-20 17:58:40.42 I func1 154 [M] [HTTK_0001] data row cache queue size: 0
2022-11-20 17:59:40.42 I func1 154 [M] [HTTK_0001] data row cache queue size: 0
2022-11-20 18:00:40.42 I func1 154 [M] [HTTK_0001] data row cache queue size: 0
2022-11-20 18:01:40.42 I func1 154 [M] [HTTK_0001] data row cache queue size: 0
2022-11-20 18:02:40.42 I func1 154 [M] [HTTK_0001] data row cache queue size: 0
2022-11-20 18:03:40.42 I func1 154 [M] [HTTK_0001] data row cache queue size: 0
2022-11-20 18:04:40.42 I func1 154 [M] [HTTK_0001] data row cache queue size: 0
2022-11-20 18:04:47.36 I Stop 28 [M] [HTTK_0001] Stop signal processing
2022-11-20 18:04:47.36 I CloseDat 302 [M] [HTTK_0001] Synchronizing httk1000000000 to disk
2022-11-20 18:04:47.36 I Close 297 [M] [HTTK_0001] Closing file httk1000000000 rba 524
2022-11-20 18:04:47.36 I Close 152 [M] [HTTK_0001] closing canal
2022-11-20 18:04:47.36 I close 195 [M] [HTTK_0001] syncer is closing...
2022-11-21 15:05:40.83 I Start 65 [M] [CLI] receive cli command: /Users/kqwang/development/gowork/src/github.com/892294101/dds/build/bin/mysqlextract -processid httk_0001
2022-11-21 15:05:41.52 D Init 25 [M] [HTTK_0001] Get the program home directory
2022-11-21 15:05:41.52 D Init 30 [M] [HTTK_0001] program home directory /Users/kqwang/development/gowork/src/github.com/892294101/dds/build
2022-11-21 15:05:41.52 D GetFileRBA 194 [M] [HTTK_0001] sequence: 0 rba: 524
2022-11-21 15:05:41.52 D OpenFile 106 [M] [HTTK_0001] open file httk1000000000
2022-11-21 15:05:42.52 I NewBinlogSyncer 163 [M] [HTTK_0001] create BinlogSyncer with config {1002 mysql 10.130.41.246 3306 root   utf8mb4 false false <nil> true Asia/Shanghai true 0 1m0s 0s 3 false false 0 <nil> 0x14000368580 0x102700a70}
2022-11-21 15:05:42.57 D Update 23 [M] [HTTK_0001] update master position (mysql-bin.000279, 216319405)
2022-11-21 15:05:42.57 D UpdateTimestamp 31 [M] [HTTK_0001] update master timestamp 1669014342
2022-11-21 15:05:42.57 I StartSync 399 [M] [HTTK_0001] begin to sync binlog from position (mysql-bin.000279, 216319405)
2022-11-21 15:05:42.67 I startSyncer 35 [M] [HTTK_0001] start sync binlog at binlog file (mysql-bin.000279, 216319405)
2022-11-21 15:05:42.67 I parseEvent 815 [M] [HTTK_0001] rotate to (mysql-bin.000279, 216319405)
2022-11-21 15:05:42.67 I runSyncBinlog 79 [M] [HTTK_0001] received fake rotate event, next log name is mysql-bin.000279
2022-11-21 15:06:41.52 I func1 154 [M] [HTTK_0001] data row cache queue size: 0
2022-11-21 15:07:41.52 I func1 154 [M] [HTTK_0001] data row cache queue size: 0
2022-11-21 15:08:41.52 I func1 154 [M] [HTTK_0001] data row cache queue size: 0
2022-11-21 15:09:41.52 I func1 154 [M] [HTTK_0001] data row cache queue size: 0
2022-11-21 15:10:41.52 I func1 154 [M] [HTTK_0001] data row cache queue size: 0
2022-11-21 15:11:41.52 I func1 154 [M] [HTTK_0001] data row cache queue size: 0
2022-11-21 15:12:41.52 I func1 154 [M] [HTTK_0001] data row cache queue size: 0
2022-11-21 15:13:41.52 I func1 154 [M] [HTTK_0001] data row cache queue size: 0
2022-11-21 15:14:41.52 I func1 154 [M] [HTTK_0001] data row cache queue size: 0
2022-11-21 15:15:41.52 I func1 154 [M] [HTTK_0001] data row cache queue size: 0
2022-11-21 15:16:41.52 I func1 154 [M] [HTTK_0001] data row cache queue size: 0
2022-11-21 15:17:41.52 I func1 154 [M] [HTTK_0001] data row cache queue size: 0
2022-11-21 15:18:41.52 I func1 154 [M] [HTTK_0001] data row cache queue size: 0
2022-11-21 15:19:41.52 I func1 154 [M] [HTTK_0001] data row cache queue size: 0
2022-11-21 15:20:41.46 I func1 154 [M] [HTTK_0001] data row cache queue size: 0
2022-11-21 15:21:41.46 I func1 154 [M] [HTTK_0001] data row cache queue size: 0
2022-11-21 15:22:41.46 I func1 154 [M] [HTTK_0001] data row cache queue size: 0
2022-11-21 15:23:41.46 I func1 154 [M] [HTTK_0001] data row cache queue size: 0
2022-11-21 15:24:41.46 I func1 154 [M] [HTTK_0001] data row cache queue size: 0
2022-11-21 15:25:41.46 I func1 154 [M] [HTTK_0001] data row cache queue size: 0
2022-11-21 15:26:41.46 I func1 154 [M] [HTTK_0001] data row cache queue size: 0
2022-11-21 15:27:41.46 I func1 154 [M] [HTTK_0001] data row cache queue size: 0
2022-11-21 15:28:41.46 I func1 154 [M] [HTTK_0001] data row cache queue size: 0
2022-11-21 15:29:41.46 I func1 154 [M] [HTTK_0001] data row cache queue size: 0
2022-11-21 15:30:41.46 I func1 154 [M] [HTTK_0001] data row cache queue size: 0
2022-11-21 15:31:41.46 I func1 154 [M] [HTTK_0001] data row cache queue size: 0
2022-11-21 15:32:41.46 I func1 154 [M] [HTTK_0001] data row cache queue size: 0
2022-11-21 15:33:41.46 I func1 154 [M] [HTTK_0001] data row cache queue size: 0
2022-11-21 15:34:41.46 I func1 154 [M] [HTTK_0001] data row cache queue size: 0
2022-11-21 15:35:41.42 I func1 154 [M] [HTTK_0001] data row cache queue size: 0
2022-11-21 15:36:41.41 I func1 154 [M] [HTTK_0001] data row cache queue size: 0
2022-11-21 15:37:41.41 I func1 154 [M] [HTTK_0001] data row cache queue size: 0
2022-11-21 15:38:41.40 I func1 154 [M] [HTTK_0001] data row cache queue size: 0
2022-11-21 15:39:41.40 I func1 154 [M] [HTTK_0001] data row cache queue size: 0
2022-11-21 15:40:41.40 I func1 154 [M] [HTTK_0001] data row cache queue size: 0
2022-11-21 15:41:41.40 I func1 154 [M] [HTTK_0001] data row cache queue size: 0
2022-11-21 15:42:41.40 I func1 154 [M] [HTTK_0001] data row cache queue size: 0
2022-11-21 15:43:41.40 I func1 154 [M] [HTTK_0001] data row cache queue size: 0
2022-11-21 15:44:41.40 I func1 154 [M] [HTTK_0001] data row cache queue size: 0
2022-11-21 15:45:41.40 I func1 154 [M] [HTTK_0001] data row cache queue size: 0
2022-11-21 15:46:41.40 I func1 154 [M] [HTTK_0001] data row cache queue size: 0
2022-11-21 15:47:41.40 I func1 154 [M] [HTTK_0001] data row cache queue size: 0
2022-11-21 15:48:41.40 I func1 154 [M] [HTTK_0001] data row cache queue size: 0
2022-11-21 15:49:41.40 I func1 154 [M] [HTTK_0001] data row cache queue size: 0
2022-11-21 15:50:41.39 I func1 154 [M] [HTTK_0001] data row cache queue size: 0
2022-11-21 15:51:41.39 I func1 154 [M] [HTTK_0001] data row cache queue size: 0
2022-11-21 15:52:41.39 I func1 154 [M] [HTTK_0001] data row cache queue size: 0
2022-11-21 15:53:41.38 I func1 154 [M] [HTTK_0001] data row cache queue size: 0
2022-11-21 15:54:41.38 I func1 154 [M] [HTTK_0001] data row cache queue size: 0
2022-11-21 15:55:41.38 I func1 154 [M] [HTTK_0001] data row cache queue size: 0
2022-11-21 15:56:41.38 I func1 154 [M] [HTTK_0001] data row cache queue size: 0
2022-11-21 15:57:41.38 I func1 154 [M] [HTTK_0001] data row cache queue size: 0
2022-11-21 15:58:41.38 I func1 154 [M] [HTTK_0001] data row cache queue size: 0
2022-11-21 15:59:41.38 I func1 154 [M] [HTTK_0001] data row cache queue size: 0
2022-11-21 16:00:41.38 I func1 154 [M] [HTTK_0001] data row cache queue size: 0
2022-11-21 16:01:41.38 I func1 154 [M] [HTTK_0001] data row cache queue size: 0
2022-11-21 16:02:41.38 I func1 154 [M] [HTTK_0001] data row cache queue size: 0
2022-11-21 16:03:41.38 I func1 154 [M] [HTTK_0001] data row cache queue size: 0
2022-11-21 16:04:41.37 I func1 154 [M] [HTTK_0001] data row cache queue size: 0
2022-11-21 16:05:41.37 I func1 154 [M] [HTTK_0001] data row cache queue size: 0
2022-11-21 16:06:41.37 I func1 154 [M] [HTTK_0001] data row cache queue size: 0
2022-11-21 16:07:41.37 I func1 154 [M] [HTTK_0001] data row cache queue size: 0
2022-11-21 16:08:41.37 I func1 154 [M] [HTTK_0001] data row cache queue size: 0
2022-11-21 16:09:41.37 I func1 154 [M] [HTTK_0001] data row cache queue size: 0
2022-11-21 16:10:41.37 I func1 154 [M] [HTTK_0001] data row cache queue size: 0
2022-11-21 16:11:41.37 I func1 154 [M] [HTTK_0001] data row cache queue size: 0
2022-11-21 16:12:41.37 I func1 154 [M] [HTTK_0001] data row cache queue size: 0
2022-11-21 16:13:41.37 I func1 154 [M] [HTTK_0001] data row cache queue size: 0
2022-11-21 16:14:41.37 I func1 154 [M] [HTTK_0001] data row cache queue size: 0
2022-11-21 16:15:41.37 I func1 154 [M] [HTTK_0001] data row cache queue size: 0
2022-11-21 16:16:41.37 I func1 154 [M] [HTTK_0001] data row cache queue size: 0
2022-11-21 16:17:41.36 I func1 154 [M] [HTTK_0001] data row cache queue size: 0
2022-11-21 16:18:41.36 I func1 154 [M] [HTTK_0001] data row cache queue size: 0
2022-11-21 16:19:41.36 I func1 154 [M] [HTTK_0001] data row cache queue size: 0
2022-11-21 16:20:41.36 I func1 154 [M] [HTTK_0001] data row cache queue size: 0
2022-11-21 16:21:41.36 I func1 154 [M] [HTTK_0001] data row cache queue size: 0
2022-11-21 16:22:41.36 I func1 154 [M] [HTTK_0001] data row cache queue size: 0
2022-11-21 16:23:41.36 I func1 154 [M] [HTTK_0001] data row cache queue size: 0
2022-11-21 16:24:41.36 I func1 154 [M] [HTTK_0001] data row cache queue size: 0
2022-11-21 16:25:41.36 I func1 154 [M] [HTTK_0001] data row cache queue size: 0
2022-11-21 16:26:41.36 I func1 154 [M] [HTTK_0001] data row cache queue size: 0
2022-11-21 16:27:41.36 I func1 154 [M] [HTTK_0001] data row cache queue size: 0
2022-11-21 16:28:41.36 I func1 154 [M] [HTTK_0001] data row cache queue size: 0
2022-11-21 16:29:41.35 I func1 154 [M] [HTTK_0001] data row cache queue size: 0
2022-11-21 16:30:41.35 I func1 154 [M] [HTTK_0001] data row cache queue size: 0
2022-11-21 16:31:41.35 I func1 154 [M] [HTTK_0001] data row cache queue size: 0
2022-11-21 16:32:41.35 I func1 154 [M] [HTTK_0001] data row cache queue size: 0
2022-11-21 16:33:41.35 I func1 154 [M] [HTTK_0001] data row cache queue size: 0
2022-11-21 16:34:41.35 I func1 154 [M] [HTTK_0001] data row cache queue size: 0
2022-11-21 16:35:41.34 I func1 154 [M] [HTTK_0001] data row cache queue size: 0
2022-11-21 16:36:41.33 I func1 154 [M] [HTTK_0001] data row cache queue size: 0
2022-11-21 16:37:41.33 I func1 154 [M] [HTTK_0001] data row cache queue size: 0
2022-11-21 16:38:41.32 I func1 154 [M] [HTTK_0001] data row cache queue size: 0
2022-11-21 16:39:41.32 I func1 154 [M] [HTTK_0001] data row cache queue size: 0
2022-11-21 16:40:41.32 I func1 154 [M] [HTTK_0001] data row cache queue size: 0
2022-11-21 16:41:41.32 I func1 154 [M] [HTTK_0001] data row cache queue size: 0
2022-11-21 16:42:41.32 I func1 154 [M] [HTTK_0001] data row cache queue size: 0
2022-11-21 16:43:41.32 I func1 154 [M] [HTTK_0001] data row cache queue size: 0
2022-11-21 16:44:41.32 I func1 154 [M] [HTTK_0001] data row cache queue size: 0
2022-11-21 16:45:41.32 I func1 154 [M] [HTTK_0001] data row cache queue size: 0
2022-11-21 16:46:41.31 I func1 154 [M] [HTTK_0001] data row cache queue size: 0
2022-11-21 16:47:41.31 I func1 154 [M] [HTTK_0001] data row cache queue size: 0
2022-11-21 16:48:41.31 I func1 154 [M] [HTTK_0001] data row cache queue size: 0
2022-11-21 16:49:41.31 I func1 154 [M] [HTTK_0001] data row cache queue size: 0
2022-11-21 16:50:41.32 I func1 154 [M] [HTTK_0001] data row cache queue size: 0
2022-11-21 16:51:41.33 I func1 154 [M] [HTTK_0001] data row cache queue size: 0
2022-11-21 16:52:41.33 I func1 154 [M] [HTTK_0001] data row cache queue size: 0
2022-11-21 16:53:41.33 I func1 154 [M] [HTTK_0001] data row cache queue size: 0
2022-11-21 16:54:41.33 I func1 154 [M] [HTTK_0001] data row cache queue size: 0
2022-11-21 16:55:41.33 I func1 154 [M] [HTTK_0001] data row cache queue size: 0
2022-11-21 16:56:41.33 I func1 154 [M] [HTTK_0001] data row cache queue size: 0
2022-11-21 16:57:41.33 I func1 154 [M] [HTTK_0001] data row cache queue size: 0
2022-11-21 16:58:41.32 I func1 154 [M] [HTTK_0001] data row cache queue size: 0
2022-11-21 16:59:41.32 I func1 154 [M] [HTTK_0001] data row cache queue size: 0
2022-11-21 17:00:41.32 I func1 154 [M] [HTTK_0001] data row cache queue size: 0
2022-11-21 17:01:41.32 I func1 154 [M] [HTTK_0001] data row cache queue size: 0
2022-11-21 17:02:41.32 I func1 154 [M] [HTTK_0001] data row cache queue size: 0
2022-11-21 17:03:41.32 I func1 154 [M] [HTTK_0001] data row cache queue size: 0
2022-11-21 17:04:41.32 I func1 154 [M] [HTTK_0001] data row cache queue size: 0
2022-11-21 17:05:41.32 I func1 154 [M] [HTTK_0001] data row cache queue size: 0
2022-11-21 17:06:41.33 I func1 154 [M] [HTTK_0001] data row cache queue size: 0
2022-11-21 17:07:41.33 I func1 154 [M] [HTTK_0001] data row cache queue size: 0
2022-11-21 17:08:41.33 I func1 154 [M] [HTTK_0001] data row cache queue size: 0
2022-11-21 17:09:41.33 I func1 154 [M] [HTTK_0001] data row cache queue size: 0
2022-11-21 17:10:41.33 I func1 154 [M] [HTTK_0001] data row cache queue size: 0
2022-11-21 17:11:41.33 I func1 154 [M] [HTTK_0001] data row cache queue size: 0
2022-11-21 17:12:41.33 I func1 154 [M] [HTTK_0001] data row cache queue size: 0
2022-11-21 17:13:41.33 I func1 154 [M] [HTTK_0001] data row cache queue size: 0
2022-11-21 17:14:41.33 I func1 154 [M] [HTTK_0001] data row cache queue size: 0
2022-11-21 17:15:41.33 I func1 154 [M] [HTTK_0001] data row cache queue size: 0
2022-11-21 17:16:41.33 I func1 154 [M] [HTTK_0001] data row cache queue size: 0
2022-11-21 17:17:41.32 I func1 154 [M] [HTTK_0001] data row cache queue size: 0
2022-11-21 17:18:41.32 I func1 154 [M] [HTTK_0001] data row cache queue size: 0
2022-11-21 17:19:41.32 I func1 154 [M] [HTTK_0001] data row cache queue size: 0
2022-11-21 17:20:41.32 I func1 154 [M] [HTTK_0001] data row cache queue size: 0
2022-11-21 17:21:41.43 I func1 154 [M] [HTTK_0001] data row cache queue size: 0
2022-11-21 17:22:41.43 I func1 154 [M] [HTTK_0001] data row cache queue size: 0
2022-11-21 17:23:41.43 I func1 154 [M] [HTTK_0001] data row cache queue size: 0
2022-11-21 17:24:41.43 I func1 154 [M] [HTTK_0001] data row cache queue size: 0
2022-11-21 17:25:41.43 I func1 154 [M] [HTTK_0001] data row cache queue size: 0
2022-11-21 17:26:41.43 I func1 154 [M] [HTTK_0001] data row cache queue size: 0
2022-11-21 17:27:41.43 I func1 154 [M] [HTTK_0001] data row cache queue size: 0
2022-11-21 17:28:41.43 I func1 154 [M] [HTTK_0001] data row cache queue size: 0
2022-11-21 17:29:41.43 I func1 154 [M] [HTTK_0001] data row cache queue size: 0
2022-11-21 17:30:41.43 I func1 154 [M] [HTTK_0001] data row cache queue size: 0
2022-11-21 17:31:41.43 I func1 154 [M] [HTTK_0001] data row cache queue size: 0
2022-11-21 17:32:41.43 I func1 154 [M] [HTTK_0001] data row cache queue size: 0
2022-11-21 17:33:41.43 I func1 154 [M] [HTTK_0001] data row cache queue size: 0
2022-11-21 17:34:41.43 I func1 154 [M] [HTTK_0001] data row cache queue size: 0
2022-11-21 17:35:41.43 I func1 154 [M] [HTTK_0001] data row cache queue size: 0
2022-11-21 17:36:41.45 I func1 154 [M] [HTTK_0001] data row cache queue size: 0
2022-11-21 17:37:41.48 I func1 154 [M] [HTTK_0001] data row cache queue size: 0
2022-11-21 17:38:41.48 I func1 154 [M] [HTTK_0001] data row cache queue size: 0
2022-11-21 17:39:41.48 I func1 154 [M] [HTTK_0001] data row cache queue size: 0
2022-11-21 17:40:41.48 I func1 154 [M] [HTTK_0001] data row cache queue size: 0
2022-11-21 17:41:41.48 I func1 154 [M] [HTTK_0001] data row cache queue size: 0
2022-11-21 17:42:41.48 I func1 154 [M] [HTTK_0001] data row cache queue size: 0
2022-11-21 17:43:41.48 I func1 154 [M] [HTTK_0001] data row cache queue size: 0
2022-11-21 17:44:41.49 I func1 154 [M] [HTTK_0001] data row cache queue size: 0
2022-11-21 17:45:41.49 I func1 154 [M] [HTTK_0001] data row cache queue size: 0
2022-11-21 17:46:41.49 I func1 154 [M] [HTTK_0001] data row cache queue size: 0
2022-11-21 17:47:41.49 I func1 154 [M] [HTTK_0001] data row cache queue size: 0
2022-11-21 17:48:41.49 I func1 154 [M] [HTTK_0001] data row cache queue size: 0
2022-11-21 17:49:41.49 I func1 154 [M] [HTTK_0001] data row cache queue size: 0
2022-11-21 17:50:41.49 I func1 154 [M] [HTTK_0001] data row cache queue size: 0
2022-11-21 17:51:41.47 I func1 154 [M] [HTTK_0001] data row cache queue size: 0
2022-11-21 17:52:41.44 I func1 154 [M] [HTTK_0001] data row cache queue size: 0
2022-11-21 17:53:41.44 I func1 154 [M] [HTTK_0001] data row cache queue size: 0
2022-11-21 17:54:41.44 I func1 154 [M] [HTTK_0001] data row cache queue size: 0
2022-11-21 17:55:41.44 I func1 154 [M] [HTTK_0001] data row cache queue size: 0
2022-11-21 17:56:41.44 I func1 154 [M] [HTTK_0001] data row cache queue size: 0
2022-11-21 17:57:41.44 I func1 154 [M] [HTTK_0001] data row cache queue size: 0
2022-11-21 17:58:41.45 I func1 154 [M] [HTTK_0001] data row cache queue size: 0
2022-11-21 17:59:41.45 I func1 154 [M] [HTTK_0001] data row cache queue size: 0
2022-11-21 18:00:41.45 I func1 154 [M] [HTTK_0001] data row cache queue size: 0
2022-11-21 18:01:41.45 I func1 154 [M] [HTTK_0001] data row cache queue size: 0
2022-11-21 18:02:41.45 I func1 154 [M] [HTTK_0001] data row cache queue size: 0
2022-11-21 18:03:41.45 I func1 154 [M] [HTTK_0001] data row cache queue size: 0
2022-11-21 18:04:41.45 I func1 154 [M] [HTTK_0001] data row cache queue size: 0
2022-11-21 18:05:41.45 I func1 154 [M] [HTTK_0001] data row cache queue size: 0
2022-11-21 18:06:41.42 I func1 154 [M] [HTTK_0001] data row cache queue size: 0
2022-11-21 18:07:41.40 I func1 154 [M] [HTTK_0001] data row cache queue size: 0
2022-11-21 18:08:41.40 I func1 154 [M] [HTTK_0001] data row cache queue size: 0
2022-11-21 18:09:41.40 I func1 154 [M] [HTTK_0001] data row cache queue size: 0
2022-11-21 18:10:41.40 I func1 154 [M] [HTTK_0001] data row cache queue size: 0
2022-11-21 18:11:41.39 I func1 154 [M] [HTTK_0001] data row cache queue size: 0
2022-11-21 18:12:41.39 I func1 154 [M] [HTTK_0001] data row cache queue size: 0
2022-11-21 18:13:41.39 I func1 154 [M] [HTTK_0001] data row cache queue size: 0
2022-11-21 18:14:41.39 I func1 154 [M] [HTTK_0001] data row cache queue size: 0
2022-11-21 18:15:41.39 I func1 154 [M] [HTTK_0001] data row cache queue size: 0
2022-11-21 18:16:41.39 I func1 154 [M] [HTTK_0001] data row cache queue size: 0
2022-11-21 18:17:41.39 I func1 154 [M] [HTTK_0001] data row cache queue size: 0
2022-11-21 18:18:41.39 I func1 154 [M] [HTTK_0001] data row cache queue size: 0
2022-11-21 18:19:41.39 I func1 154 [M] [HTTK_0001] data row cache queue size: 0
2022-11-21 18:20:41.39 I func1 154 [M] [HTTK_0001] data row cache queue size: 0
2022-11-21 18:21:41.39 I func1 154 [M] [HTTK_0001] data row cache queue size: 0
2022-11-21 18:22:41.42 I func1 154 [M] [HTTK_0001] data row cache queue size: 0
2022-11-21 18:23:41.43 I func1 154 [M] [HTTK_0001] data row cache queue size: 0
2022-11-21 18:24:41.43 I func1 154 [M] [HTTK_0001] data row cache queue size: 0
2022-11-21 18:25:41.43 I func1 154 [M] [HTTK_0001] data row cache queue size: 0
2022-11-21 18:26:41.43 I func1 154 [M] [HTTK_0001] data row cache queue size: 0
2022-11-21 18:27:41.43 I func1 154 [M] [HTTK_0001] data row cache queue size: 0
2022-11-21 18:28:41.43 I func1 154 [M] [HTTK_0001] data row cache queue size: 0
2022-11-21 18:29:41.43 I func1 154 [M] [HTTK_0001] data row cache queue size: 0
2022-11-21 18:30:41.43 I func1 154 [M] [HTTK_0001] data row cache queue size: 0
2022-11-21 18:31:41.43 I func1 154 [M] [HTTK_0001] data row cache queue size: 0
2022-11-21 18:32:41.43 I func1 154 [M] [HTTK_0001] data row cache queue size: 0
2022-11-21 18:33:41.43 I func1 154 [M] [HTTK_0001] data row cache queue size: 0
2022-11-21 18:34:41.43 I func1 154 [M] [HTTK_0001] data row cache queue size: 0
2022-11-21 18:35:41.43 I func1 154 [M] [HTTK_0001] data row cache queue size: 0
2022-11-21 18:36:41.43 I func1 154 [M] [HTTK_0001] data row cache queue size: 0
2022-11-21 18:37:41.45 I func1 154 [M] [HTTK_0001] data row cache queue size: 0
2022-11-21 18:38:41.45 I func1 154 [M] [HTTK_0001] data row cache queue size: 0
2022-11-21 18:39:41.46 I func1 154 [M] [HTTK_0001] data row cache queue size: 0
2022-11-21 18:40:41.46 I func1 154 [M] [HTTK_0001] data row cache queue size: 0
2022-11-21 18:41:41.46 I func1 154 [M] [HTTK_0001] data row cache queue size: 0
2022-11-21 18:42:41.46 I func1 154 [M] [HTTK_0001] data row cache queue size: 0
2022-11-21 18:43:41.46 I func1 154 [M] [HTTK_0001] data row cache queue size: 0
2022-11-21 18:44:41.46 I func1 154 [M] [HTTK_0001] data row cache queue size: 0
2022-11-21 18:45:41.46 I func1 154 [M] [HTTK_0001] data row cache queue size: 0
2022-11-21 18:46:41.46 I func1 154 [M] [HTTK_0001] data row cache queue size: 0
2022-11-21 18:47:41.46 I func1 154 [M] [HTTK_0001] data row cache queue size: 0
2022-11-21 18:48:41.46 I func1 154 [M] [HTTK_0001] data row cache queue size: 0
2022-11-21 18:49:41.46 I func1 154 [M] [HTTK_0001] data row cache queue size: 0
2022-11-21 18:50:41.46 I func1 154 [M] [HTTK_0001] data row cache queue size: 0
2022-11-21 18:51:41.46 I func1 154 [M] [HTTK_0001] data row cache queue size: 0
2022-11-21 18:52:41.45 I func1 154 [M] [HTTK_0001] data row cache queue size: 0
2022-11-21 18:53:41.45 I func1 154 [M] [HTTK_0001] data row cache queue size: 0
2022-11-21 18:54:41.45 I func1 154 [M] [HTTK_0001] data row cache queue size: 0
2022-11-21 18:55:41.45 I func1 154 [M] [HTTK_0001] data row cache queue size: 0
2022-11-21 18:56:41.45 I func1 154 [M] [HTTK_0001] data row cache queue size: 0
2022-11-21 18:57:41.45 I func1 154 [M] [HTTK_0001] data row cache queue size: 0
2022-11-21 18:58:41.45 I func1 154 [M] [HTTK_0001] data row cache queue size: 0
2022-11-21 18:59:41.46 I func1 154 [M] [HTTK_0001] data row cache queue size: 0
2022-11-21 19:00:41.46 I func1 154 [M] [HTTK_0001] data row cache queue size: 0
2022-11-21 19:01:41.46 I func1 154 [M] [HTTK_0001] data row cache queue size: 0
2022-11-21 19:02:41.46 I func1 154 [M] [HTTK_0001] data row cache queue size: 0
2022-11-21 19:03:57.26 I func1 154 [M] [HTTK_0001] data row cache queue size: 0
2022-11-21 19:05:02.55 I func1 154 [M] [HTTK_0001] data row cache queue size: 0
2022-11-21 19:06:13.08 I func1 154 [M] [HTTK_0001] data row cache queue size: 0
2022-11-21 19:07:27.03 E onStream 696 [M] [HTTK_0001] io.ReadFull(header) failed. err read tcp 10.130.40.75:53435->10.130.41.246:3306: read: operation timed out: connection was bad
2022-11-21 19:07:28.03 I retrySync 627 [M] [HTTK_0001] begin to re-sync from (mysql-bin.000279, 216319405)
2022-11-21 19:07:28.03 E onStream 725 [M] [HTTK_0001] retry sync err: dial tcp 10.130.41.246:3306: connect: network is unreachable, wait 1s and retry again
2022-11-21 19:07:29.03 I retrySync 627 [M] [HTTK_0001] begin to re-sync from (mysql-bin.000279, 216319405)
2022-11-21 19:07:29.03 E onStream 725 [M] [HTTK_0001] retry sync err: dial tcp 10.130.41.246:3306: connect: network is unreachable, wait 1s and retry again
2022-11-21 19:07:29.83 I func1 154 [M] [HTTK_0001] data row cache queue size: 0
2022-11-21 19:07:35.00 I retrySync 627 [M] [HTTK_0001] begin to re-sync from (mysql-bin.000279, 216319405)
2022-11-21 19:07:35.00 E onStream 720 [M] [HTTK_0001] retry sync err: dial tcp 10.130.41.246:3306: connect: network is unreachable, exceeded max retries (3)
2022-11-21 19:07:35.00 E run 143 [M] [HTTK_0001] canal start sync binlog err: dial tcp 10.130.41.246:3306: connect: network is unreachable
2022-11-21 19:07:35.07 I CloseDat 302 [M] [HTTK_0001] Synchronizing httk1000000000 to disk
2022-11-21 19:07:35.07 I Close 297 [M] [HTTK_0001] Closing file httk1000000000 rba 524
2022-11-21 19:07:35.07 I Close 152 [M] [HTTK_0001] closing canal
2022-11-21 19:07:35.07 I close 195 [M] [HTTK_0001] syncer is closing...
2022-11-21 19:07:35.07 I close 225 [M] [HTTK_0001] syncer is closed
2022-11-21 19:07:35.07 I CloseRpc 34 [M] [HTTK_0001] turn off rpc server
2022-11-21 19:07:35.07 F StartSyncToStream 369 [M] [HTTK_0001] dial tcp 10.130.41.246:3306: connect: network is unreachable
